2026-04-22T12:27:56.065Z [info]: GET /api/profile 404 - 4ms
2026-04-22T12:28:42.062Z [info]: GET /api/profile 404 - 2ms
2026-04-22T12:29:14.568Z [info]: POST /api/login 200 - 87ms
2026-04-22T12:29:28.290Z [info]: GET /api/profile 404 - 0ms
2026-04-22T12:30:11.620Z [info]: GET /api/profile 404 - 0ms
2026-04-22T12:31:43.151Z [info]: GET /api/profile 200 - 21ms
2026-04-22T12:33:11.309Z [info]: GET /api/profile 200 - 21ms
2026-04-22T12:36:32.019Z [info]: PUT /api/profile 404 - 1ms
2026-04-22T12:37:40.622Z [info]: PUT /api/profile 200 - 79ms
2026-04-22T12:37:51.940Z [info]: POST /api/login 200 - 57ms
2026-04-24T04:15:35.384Z [info]: POST /api/signup 200 - 87ms
2026-04-24T04:15:55.743Z [info]: POST /api/login 200 - 63ms
2026-04-24T04:16:11.462Z [info]: GET /api/profile 403 - 2ms
2026-04-24T04:16:39.210Z [info]: GET /api/profile 403 - 1ms
2026-04-24T04:17:19.310Z [info]: GET /api/profile 200 - 20ms
2026-04-24T04:17:46.265Z [info]: PUT /api/profile 200 - 84ms
2026-04-24T04:17:50.941Z [info]: GET /api/profile 200 - 2ms
2026-04-24T04:17:58.089Z [info]: GET /api/users 401 - 1ms
2026-04-24T04:18:03.433Z [info]: GET /api/users 403 - 1ms
2026-04-24T04:28:33.494Z [error]: POST /login - Invalid credentials - Error: Invalid credentials
    at AuthController.login (/home/aximsoft/projects/my-ts-api/src/controllers/AuthController.ts:36:27)
2026-04-24T04:28:33.496Z [info]: POST /api/login 500 - 80ms
2026-04-24T04:28:37.851Z [info]: POST /api/login 200 - 56ms
2026-04-24T07:16:48.749Z [info]: POST /api/signup 200 - 79ms
2026-04-24T07:17:13.076Z [info]: POST /api/login 200 - 58ms
2026-04-24T07:17:37.273Z [info]: POST /api/contact 200 - 9ms
2026-04-24T08:30:32.377Z [info]: POST /api/login 200 - 79ms
2026-04-24T08:30:41.266Z [info]: POST /api/login 200 - 53ms
2026-04-24T08:30:54.522Z [info]: GET /api/users 200 - 7ms
2026-04-24T08:31:05.497Z [info]: GET /api/contact 200 - 6ms
2026-04-24T10:07:38.424Z [error]: POST /signup - duplicate key value violates unique constraint "users_email_key" - error: duplicate key value violates unique constraint "users_email_key"
    at /home/aximsoft/projects/my-ts-api/node_modules/pg-pool/index.js:45:11
    at processTicksAndRejections (node:internal/process/task_queues:104:5)
    at async UserService.create (/home/aximsoft/projects/my-ts-api/src/services/UserService.ts:9:24)
    at async AuthController.register (/home/aximsoft/projects/my-ts-api/src/controllers/AuthController.ts:14:22)
2026-04-24T10:07:38.426Z [info]: POST /api/signup 500 - 84ms
2026-04-24T10:07:49.586Z [info]: POST /api/signup 200 - 62ms
